[ 2025-06-24 13:45:40,776 ] 1025 httpx - INFO - HTTP Request: GET https://dagshub.com/api/v1/user "HTTP/1.1 200 OK"
[ 2025-06-24 13:45:40,787 ] 107 dagshub - INFO - Accessing as atul2501
[ 2025-06-24 13:45:41,215 ] 1025 httpx - INFO - HTTP Request: GET https://dagshub.com/api/v1/repos/atul2501/networksecurity "HTTP/1.1 200 OK"
[ 2025-06-24 13:45:41,623 ] 1025 httpx - INFO - HTTP Request: GET https://dagshub.com/api/v1/user "HTTP/1.1 200 OK"
[ 2025-06-24 13:45:41,629 ] 107 dagshub - INFO - Initialized MLflow to track repo "atul2501/networksecurity"
[ 2025-06-24 13:45:41,629 ] 107 dagshub - INFO - Repository atul2501/networksecurity initialized!
[ 2025-06-24 13:45:50,581 ] 44 root - INFO - Start data Ingestion
[ 2025-06-24 13:46:00,424 ] 65 root - INFO - Performed train test split on the dataframe
[ 2025-06-24 13:46:00,425 ] 67 root - INFO - Exited split_data_as_train_test method of Data_Ingestion class
[ 2025-06-24 13:46:00,425 ] 75 root - INFO - Exporting train and test file path.
[ 2025-06-24 13:46:00,473 ] 84 root - INFO - Exported train and test file path.
[ 2025-06-24 13:46:00,473 ] 47 root - INFO - Data Ingestion completed and artifact: DataIngestionArtifact(trained_file_path='Artifacts/06_24_2025_13_45_33/data_igestion/ingested/train.csv', test_file_path='Artifacts/06_24_2025_13_45_33/data_igestion/ingested/test.csv')
[ 2025-06-24 13:46:00,478 ] 57 root - INFO - Initiate the data Validation
[ 2025-06-24 13:46:00,494 ] 32 root - INFO - Required number of columns:2
[ 2025-06-24 13:46:00,494 ] 33 root - INFO - Data frame has columns:31
[ 2025-06-24 13:46:00,494 ] 32 root - INFO - Required number of columns:2
[ 2025-06-24 13:46:00,494 ] 33 root - INFO - Data frame has columns:31
[ 2025-06-24 13:46:00,621 ] 72 root - INFO - Entered initiate_data_transformation method of DataTransformation class
[ 2025-06-24 13:46:00,621 ] 74 root - INFO - Starting data transformation
[ 2025-06-24 13:46:00,636 ] 56 root - INFO - Entered get_data_trnasformer_object method of Trnasformation class
[ 2025-06-24 13:46:00,636 ] 61 root - INFO - Initialise KNNImputer with {'missing_values': nan, 'n_neighbors': 3, 'weights': 'uniform'}
[ 2025-06-24 13:46:00,644 ] 46 root - INFO - Entered the save_object method of MainUtils class
[ 2025-06-24 13:46:00,650 ] 50 root - INFO - Exited the save_object method of MainUtils class
[ 2025-06-24 13:46:00,650 ] 46 root - INFO - Entered the save_object method of MainUtils class
[ 2025-06-24 13:46:00,651 ] 50 root - INFO - Exited the save_object method of MainUtils class
