[ 2025-06-25 06:41:33,935 ] 1025 httpx - INFO - HTTP Request: GET https://dagshub.com/api/v1/user "HTTP/1.1 200 OK"
[ 2025-06-25 06:41:33,942 ] 107 dagshub - INFO - Accessing as atul2501
[ 2025-06-25 06:41:34,445 ] 1025 httpx - INFO - HTTP Request: GET https://dagshub.com/api/v1/repos/atul2501/networksecurity "HTTP/1.1 200 OK"
[ 2025-06-25 06:41:34,854 ] 1025 httpx - INFO - HTTP Request: GET https://dagshub.com/api/v1/user "HTTP/1.1 200 OK"
[ 2025-06-25 06:41:34,860 ] 107 dagshub - INFO - Initialized MLflow to track repo "atul2501/networksecurity"
[ 2025-06-25 06:41:34,860 ] 107 dagshub - INFO - Repository atul2501/networksecurity initialized!
[ 2025-06-25 06:41:49,031 ] 44 root - INFO - Start data Ingestion
[ 2025-06-25 06:41:50,988 ] 65 root - INFO - Performed train test split on the dataframe
[ 2025-06-25 06:41:50,988 ] 67 root - INFO - Exited split_data_as_train_test method of Data_Ingestion class
[ 2025-06-25 06:41:50,988 ] 75 root - INFO - Exporting train and test file path.
[ 2025-06-25 06:41:51,019 ] 84 root - INFO - Exported train and test file path.
[ 2025-06-25 06:41:51,019 ] 47 root - INFO - Data Ingestion completed and artifact: DataIngestionArtifact(trained_file_path='Artifacts/06_25_2025_06_41_30/data_igestion/ingested/train.csv', test_file_path='Artifacts/06_25_2025_06_41_30/data_igestion/ingested/test.csv')
[ 2025-06-25 06:41:51,022 ] 57 root - INFO - Initiate the data Validation
[ 2025-06-25 06:41:51,036 ] 32 root - INFO - Required number of columns:2
[ 2025-06-25 06:41:51,036 ] 33 root - INFO - Data frame has columns:31
[ 2025-06-25 06:41:51,036 ] 32 root - INFO - Required number of columns:2
[ 2025-06-25 06:41:51,037 ] 33 root - INFO - Data frame has columns:31
[ 2025-06-25 06:41:51,154 ] 72 root - INFO - Entered initiate_data_transformation method of DataTransformation class
[ 2025-06-25 06:41:51,154 ] 74 root - INFO - Starting data transformation
[ 2025-06-25 06:41:51,169 ] 56 root - INFO - Entered get_data_trnasformer_object method of Trnasformation class
[ 2025-06-25 06:41:51,169 ] 61 root - INFO - Initialise KNNImputer with {'missing_values': nan, 'n_neighbors': 3, 'weights': 'uniform'}
[ 2025-06-25 06:41:51,179 ] 46 root - INFO - Entered the save_object method of MainUtils class
[ 2025-06-25 06:41:51,190 ] 50 root - INFO - Exited the save_object method of MainUtils class
[ 2025-06-25 06:41:51,190 ] 46 root - INFO - Entered the save_object method of MainUtils class
[ 2025-06-25 06:41:51,191 ] 50 root - INFO - Exited the save_object method of MainUtils class
[ 2025-06-25 06:44:10,201 ] 46 root - INFO - Entered the save_object method of MainUtils class
[ 2025-06-25 06:44:10,203 ] 50 root - INFO - Exited the save_object method of MainUtils class
[ 2025-06-25 06:44:10,203 ] 46 root - INFO - Entered the save_object method of MainUtils class
[ 2025-06-25 06:44:10,222 ] 50 root - INFO - Exited the save_object method of MainUtils class
[ 2025-06-25 06:44:10,222 ] 155 root - INFO - Model trainer artifact: ModelTrainerArtifact(trained_model_file_path='Artifacts/06_25_2025_06_41_30/model_trainer/trained_model/model.pkl', train_metric_artifact=ClassificationMetricArtifact(f1_score=0.9912236457177444, precision_score=0.9891282464264143, recall_score=0.9933279417711282), test_metric_artifact=ClassificationMetricArtifact(f1_score=0.9769926047658176, precision_score=0.9721995094031071, recall_score=0.9818331957060281))
