[ 2025-06-24 14:05:20,013 ] 1025 httpx - INFO - HTTP Request: GET https://dagshub.com/api/v1/user "HTTP/1.1 200 OK"
[ 2025-06-24 14:05:20,021 ] 107 dagshub - INFO - Accessing as atul2501
[ 2025-06-24 14:05:20,785 ] 1025 httpx - INFO - HTTP Request: GET https://dagshub.com/api/v1/repos/atul2501/networksecurity "HTTP/1.1 200 OK"
[ 2025-06-24 14:05:21,211 ] 1025 httpx - INFO - HTTP Request: GET https://dagshub.com/api/v1/user "HTTP/1.1 200 OK"
[ 2025-06-24 14:05:21,214 ] 107 dagshub - INFO - Initialized MLflow to track repo "atul2501/networksecurity"
[ 2025-06-24 14:05:21,215 ] 107 dagshub - INFO - Repository atul2501/networksecurity initialized!
[ 2025-06-24 14:05:27,993 ] 44 root - INFO - Start data Ingestion
[ 2025-06-24 14:05:30,258 ] 65 root - INFO - Performed train test split on the dataframe
[ 2025-06-24 14:05:30,258 ] 67 root - INFO - Exited split_data_as_train_test method of Data_Ingestion class
[ 2025-06-24 14:05:30,258 ] 75 root - INFO - Exporting train and test file path.
[ 2025-06-24 14:05:30,307 ] 84 root - INFO - Exported train and test file path.
[ 2025-06-24 14:05:30,307 ] 47 root - INFO - Data Ingestion completed and artifact: DataIngestionArtifact(trained_file_path='Artifacts/06_24_2025_14_05_17/data_igestion/ingested/train.csv', test_file_path='Artifacts/06_24_2025_14_05_17/data_igestion/ingested/test.csv')
[ 2025-06-24 14:05:30,312 ] 57 root - INFO - Initiate the data Validation
[ 2025-06-24 14:05:30,327 ] 32 root - INFO - Required number of columns:2
[ 2025-06-24 14:05:30,327 ] 33 root - INFO - Data frame has columns:31
[ 2025-06-24 14:05:30,327 ] 32 root - INFO - Required number of columns:2
[ 2025-06-24 14:05:30,327 ] 33 root - INFO - Data frame has columns:31
[ 2025-06-24 14:05:30,477 ] 72 root - INFO - Entered initiate_data_transformation method of DataTransformation class
[ 2025-06-24 14:05:30,477 ] 74 root - INFO - Starting data transformation
[ 2025-06-24 14:05:30,492 ] 56 root - INFO - Entered get_data_trnasformer_object method of Trnasformation class
[ 2025-06-24 14:05:30,492 ] 61 root - INFO - Initialise KNNImputer with {'missing_values': nan, 'n_neighbors': 3, 'weights': 'uniform'}
[ 2025-06-24 14:05:30,499 ] 46 root - INFO - Entered the save_object method of MainUtils class
[ 2025-06-24 14:05:30,500 ] 50 root - INFO - Exited the save_object method of MainUtils class
[ 2025-06-24 14:05:30,500 ] 46 root - INFO - Entered the save_object method of MainUtils class
[ 2025-06-24 14:05:30,506 ] 50 root - INFO - Exited the save_object method of MainUtils class
[ 2025-06-24 14:11:07,825 ] 868 urllib3.connectionpool - WARNING - Retrying (Retry(total=6, connect=7, read=6, redirect=7, status=7)) after connection broken by 'ReadTimeoutError("HTTPSConnectionPool(host='dagshub.com', port=443): Read timed out. (read timeout=120)")': /atul2501/networksecurity.mlflow/api/2.0/mlflow-artifacts/artifacts/d3b8ba8eedbb40f3a8b191c14cd7381b/b0dd0e1aed1340248dc27564f1432b4b/artifacts/model.pkl
[ 2025-06-24 14:16:54,643 ] 868 urllib3.connectionpool - WARNING - Retrying (Retry(total=6, connect=7, read=6, redirect=7, status=7)) after connection broken by 'ReadTimeoutError("HTTPSConnectionPool(host='dagshub.com', port=443): Read timed out. (read timeout=120)")': /atul2501/networksecurity.mlflow/api/2.0/mlflow/runs/log-metric
[ 2025-06-24 14:19:06,876 ] 46 root - INFO - Entered the save_object method of MainUtils class
[ 2025-06-24 14:19:06,880 ] 50 root - INFO - Exited the save_object method of MainUtils class
[ 2025-06-24 14:19:06,880 ] 46 root - INFO - Entered the save_object method of MainUtils class
[ 2025-06-24 14:19:07,020 ] 50 root - INFO - Exited the save_object method of MainUtils class
[ 2025-06-24 14:19:07,020 ] 155 root - INFO - Model trainer artifact: ModelTrainerArtifact(trained_model_file_path='Artifacts/06_24_2025_14_05_17/model_trainer/trained_model/model.pkl', train_metric_artifact=ClassificationMetricArtifact(f1_score=0.9915228270860995, precision_score=0.9916241062308478, recall_score=0.991421568627451), test_metric_artifact=ClassificationMetricArtifact(f1_score=0.97749703908409, precision_score=0.9732704402515723, recall_score=0.9817605075337034))
