[   2025-06-23 15:18:51,417 ] 18 root - INFO -  Initiate the data ingestion
[   2025-06-23 15:18:59,525 ] 74 root - INFO -  Performed train test split on the dataframe
[   2025-06-23 15:18:59,525 ] 76 root - INFO -  Exoited split_data_as_train_test method of Data_Ingestion class
[   2025-06-23 15:18:59,525 ] 84 root - INFO -  Exporting train and test file path.
[   2025-06-23 15:18:59,574 ] 93 root - INFO -  Exported train and test file path.
[   2025-06-23 15:18:59,574 ] 20 root - INFO -  Data Initiation Completed
[   2025-06-23 15:18:59,579 ] 24 root - INFO -  Initiate the data Validation
[   2025-06-23 15:18:59,596 ] 32 root - INFO -  Required number of columns:2
[   2025-06-23 15:18:59,596 ] 33 root - INFO -  Data frame has columns:31
[   2025-06-23 15:18:59,596 ] 32 root - INFO -  Required number of columns:2
[   2025-06-23 15:18:59,596 ] 33 root - INFO -  Data frame has columns:31
[   2025-06-23 15:18:59,732 ] 26 root - INFO -  data Validation Completed
[   2025-06-23 15:18:59,732 ] 29 root - INFO -  data Transformation started
[   2025-06-23 15:18:59,732 ] 72 root - INFO -  Entered initiate_data_transformation method of DataTransformation class
[   2025-06-23 15:18:59,732 ] 74 root - INFO -  Starting data transformation
[   2025-06-23 15:18:59,748 ] 56 root - INFO -  Entered get_data_trnasformer_object method of Trnasformation class
[   2025-06-23 15:18:59,748 ] 61 root - INFO -  Initialise KNNImputer with {'missing_values': nan, 'n_neighbors': 3, 'weights': 'uniform'}
[   2025-06-23 15:18:59,754 ] 58 root - INFO -  Entered the save_object method of MainUtils class
[   2025-06-23 15:18:59,756 ] 62 root - INFO -  Exited the save_object method of MainUtils class
[   2025-06-23 15:18:59,756 ] 58 root - INFO -  Entered the save_object method of MainUtils class
[   2025-06-23 15:18:59,758 ] 62 root - INFO -  Exited the save_object method of MainUtils class
[   2025-06-23 15:18:59,758 ] 33 root - INFO -  data Transformation completed
